Analysis & Synthesis report for clock
Mon May 12 18:37:22 2025
Quartus Prime Version 17.1.0 Build 590 10/25/2017 SJ Lite Edition


---------------------
; Table of Contents ;
---------------------
  1. Legal Notice
  2. Analysis & Synthesis Summary
  3. Analysis & Synthesis Settings
  4. Parallel Compilation
  5. Analysis & Synthesis Source Files Read
  6. Analysis & Synthesis Resource Usage Summary
  7. Analysis & Synthesis Resource Utilization by Entity
  8. General Register Statistics
  9. Multiplexer Restructuring Statistics (Restructuring Performed)
 10. Parameter Settings for Inferred Entity Instance: lpm_divide:Mod0
 11. Parameter Settings for Inferred Entity Instance: lpm_divide:Mod3
 12. Parameter Settings for Inferred Entity Instance: lpm_divide:Div0
 13. Parameter Settings for Inferred Entity Instance: lpm_divide:Div3
 14. Parameter Settings for Inferred Entity Instance: lpm_divide:Mod1
 15. Parameter Settings for Inferred Entity Instance: lpm_divide:Mod4
 16. Parameter Settings for Inferred Entity Instance: lpm_divide:Div1
 17. Parameter Settings for Inferred Entity Instance: lpm_divide:Div4
 18. Parameter Settings for Inferred Entity Instance: lpm_divide:Mod2
 19. Parameter Settings for Inferred Entity Instance: lpm_divide:Mod5
 20. Parameter Settings for Inferred Entity Instance: lpm_divide:Div2
 21. Parameter Settings for Inferred Entity Instance: lpm_divide:Div5
 22. Port Connectivity Checks: "dec_7seg:dis_5"
 23. Port Connectivity Checks: "dec_7seg:dis_4"
 24. Port Connectivity Checks: "dec_7seg:dis_3"
 25. Port Connectivity Checks: "dec_7seg:dis_2"
 26. Port Connectivity Checks: "dec_7seg:dis_1"
 27. Port Connectivity Checks: "dec_7seg:dis_0"
 28. Port Connectivity Checks: "watch:watch_inst"
 29. Post-Synthesis Netlist Statistics for Top Partition
 30. Elapsed Time Per Partition
 31. Analysis & Synthesis Messages



----------------
; Legal Notice ;
----------------
Copyright (C) 2017  Intel Corporation. All rights reserved.
Your use of Intel Corporation's design tools, logic functions 
and other software and tools, and its AMPP partner logic 
functions, and any output files from any of the foregoing 
(including device programming or simulation files), and any 
associated documentation or information are expressly subject 
to the terms and conditions of the Intel Program License 
Subscription Agreement, the Intel Quartus Prime License Agreement,
the Intel FPGA IP License Agreement, or other applicable license
agreement, including, without limitation, that your use is for
the sole purpose of programming logic devices manufactured by
Intel and sold by Intel or its authorized distributors.  Please
refer to the applicable agreement for further details.



+-------------------------------------------------------------------------------+
; Analysis & Synthesis Summary                                                  ;
+---------------------------------+---------------------------------------------+
; Analysis & Synthesis Status     ; Successful - Mon May 12 18:37:22 2025       ;
; Quartus Prime Version           ; 17.1.0 Build 590 10/25/2017 SJ Lite Edition ;
; Revision Name                   ; clock                                       ;
; Top-level Entity Name           ; clock                                       ;
; Family                          ; Cyclone V                                   ;
; Logic utilization (in ALMs)     ; N/A                                         ;
; Total registers                 ; 94                                          ;
; Total pins                      ; 53                                          ;
; Total virtual pins              ; 0                                           ;
; Total block memory bits         ; 0                                           ;
; Total DSP Blocks                ; 0                                           ;
; Total HSSI RX PCSs              ; 0                                           ;
; Total HSSI PMA RX Deserializers ; 0                                           ;
; Total HSSI TX PCSs              ; 0                                           ;
; Total HSSI PMA TX Serializers   ; 0                                           ;
; Total PLLs                      ; 0                                           ;
; Total DLLs                      ; 0                                           ;
+---------------------------------+---------------------------------------------+


+---------------------------------------------------------------------------------------------------------------------------+
; Analysis & Synthesis Settings                                                                                             ;
+---------------------------------------------------------------------------------+--------------------+--------------------+
; Option                                                                          ; Setting            ; Default Value      ;
+---------------------------------------------------------------------------------+--------------------+--------------------+
; Device                                                                          ; 5CSEMA5F31C6       ;                    ;
; Top-level entity name                                                           ; clock              ; clock              ;
; Family name                                                                     ; Cyclone V          ; Cyclone V          ;
; Use smart compilation                                                           ; Off                ; Off                ;
; Enable parallel Assembler and TimeQuest Timing Analyzer during compilation      ; On                 ; On                 ;
; Enable compact report table                                                     ; Off                ; Off                ;
; Restructure Multiplexers                                                        ; Auto               ; Auto               ;
; MLAB Add Timing Constraints For Mixed-Port Feed-Through Mode Setting Don't Care ; Off                ; Off                ;
; Create Debugging Nodes for IP Cores                                             ; Off                ; Off                ;
; Preserve fewer node names                                                       ; On                 ; On                 ;
; Intel FPGA IP Evaluation Mode                                                   ; Enable             ; Enable             ;
; Verilog Version                                                                 ; Verilog_2001       ; Verilog_2001       ;
; VHDL Version                                                                    ; VHDL_1993          ; VHDL_1993          ;
; State Machine Processing                                                        ; Auto               ; Auto               ;
; Safe State Machine                                                              ; Off                ; Off                ;
; Extract Verilog State Machines                                                  ; On                 ; On                 ;
; Extract VHDL State Machines                                                     ; On                 ; On                 ;
; Ignore Verilog initial constructs                                               ; Off                ; Off                ;
; Iteration limit for constant Verilog loops                                      ; 5000               ; 5000               ;
; Iteration limit for non-constant Verilog loops                                  ; 250                ; 250                ;
; Add Pass-Through Logic to Inferred RAMs                                         ; On                 ; On                 ;
; Infer RAMs from Raw Logic                                                       ; On                 ; On                 ;
; Parallel Synthesis                                                              ; On                 ; On                 ;
; DSP Block Balancing                                                             ; Auto               ; Auto               ;
; NOT Gate Push-Back                                                              ; On                 ; On                 ;
; Power-Up Don't Care                                                             ; On                 ; On                 ;
; Remove Redundant Logic Cells                                                    ; Off                ; Off                ;
; Remove Duplicate Registers                                                      ; On                 ; On                 ;
; Ignore CARRY Buffers                                                            ; Off                ; Off                ;
; Ignore CASCADE Buffers                                                          ; Off                ; Off                ;
; Ignore GLOBAL Buffers                                                           ; Off                ; Off                ;
; Ignore ROW GLOBAL Buffers                                                       ; Off                ; Off                ;
; Ignore LCELL Buffers                                                            ; Off                ; Off                ;
; Ignore SOFT Buffers                                                             ; On                 ; On                 ;
; Limit AHDL Integers to 32 Bits                                                  ; Off                ; Off                ;
; Optimization Technique                                                          ; Balanced           ; Balanced           ;
; Carry Chain Length                                                              ; 70                 ; 70                 ;
; Auto Carry Chains                                                               ; On                 ; On                 ;
; Auto Open-Drain Pins                                                            ; On                 ; On                 ;
; Perform WYSIWYG Primitive Resynthesis                                           ; Off                ; Off                ;
; Auto ROM Replacement                                                            ; On                 ; On                 ;
; Auto RAM Replacement                                                            ; On                 ; On                 ;
; Auto DSP Block Replacement                                                      ; On                 ; On                 ;
; Auto Shift Register Replacement                                                 ; Auto               ; Auto               ;
; Allow Shift Register Merging across Hierarchies                                 ; Auto               ; Auto               ;
; Auto Clock Enable Replacement                                                   ; On                 ; On                 ;
; Strict RAM Replacement                                                          ; Off                ; Off                ;
; Allow Synchronous Control Signals                                               ; On                 ; On                 ;
; Force Use of Synchronous Clear Signals                                          ; Off                ; Off                ;
; Auto Resource Sharing                                                           ; Off                ; Off                ;
; Allow Any RAM Size For Recognition                                              ; Off                ; Off                ;
; Allow Any ROM Size For Recognition                                              ; Off                ; Off                ;
; Allow Any Shift Register Size For Recognition                                   ; Off                ; Off                ;
; Use LogicLock Constraints during Resource Balancing                             ; On                 ; On                 ;
; Ignore translate_off and synthesis_off directives                               ; Off                ; Off                ;
; Timing-Driven Synthesis                                                         ; On                 ; On                 ;
; Report Parameter Settings                                                       ; On                 ; On                 ;
; Report Source Assignments                                                       ; On                 ; On                 ;
; Report Connectivity Checks                                                      ; On                 ; On                 ;
; Ignore Maximum Fan-Out Assignments                                              ; Off                ; Off                ;
; Synchronization Register Chain Length                                           ; 3                  ; 3                  ;
; Power Optimization During Synthesis                                             ; Normal compilation ; Normal compilation ;
; HDL message level                                                               ; Level2             ; Level2             ;
; Suppress Register Optimization Related Messages                                 ; Off                ; Off                ;
; Number of Removed Registers Reported in Synthesis Report                        ; 5000               ; 5000               ;
; Number of Swept Nodes Reported in Synthesis Report                              ; 5000               ; 5000               ;
; Number of Inverted Registers Reported in Synthesis Report                       ; 100                ; 100                ;
; Clock MUX Protection                                                            ; On                 ; On                 ;
; Auto Gated Clock Conversion                                                     ; Off                ; Off                ;
; Block Design Naming                                                             ; Auto               ; Auto               ;
; SDC constraint protection                                                       ; Off                ; Off                ;
; Synthesis Effort                                                                ; Auto               ; Auto               ;
; Shift Register Replacement - Allow Asynchronous Clear Signal                    ; On                 ; On                 ;
; Pre-Mapping Resynthesis Optimization                                            ; Off                ; Off                ;
; Analysis & Synthesis Message Level                                              ; Medium             ; Medium             ;
; Disable Register Merging Across Hierarchies                                     ; Auto               ; Auto               ;
; Resource Aware Inference For Block RAM                                          ; On                 ; On                 ;
; Automatic Parallel Synthesis                                                    ; On                 ; On                 ;
; Partial Reconfiguration Bitstream ID                                            ; Off                ; Off                ;
+---------------------------------------------------------------------------------+--------------------+--------------------+


+------------------------------------------+
; Parallel Compilation                     ;
+----------------------------+-------------+
; Processors                 ; Number      ;
+----------------------------+-------------+
; Number detected on machine ; 4           ;
; Maximum allowed            ; 4           ;
;                            ;             ;
; Average used               ; 1.00        ;
; Maximum used               ; 4           ;
;                            ;             ;
; Usage by Processor         ; % Time Used ;
;     Processor 1            ; 100.0%      ;
;     Processors 2-4         ;   0.0%      ;
+----------------------------+-------------+


+--------------------------------------------------------------------------------------------------------------------------------------------------------------------------------+
; Analysis & Synthesis Source Files Read                                                                                                                                         ;
+----------------------------------+-----------------+------------------------------+----------------------------------------------------------------------------------+---------+
; File Name with User-Entered Path ; Used in Netlist ; File Type                    ; File Name with Absolute Path                                                     ; Library ;
+----------------------------------+-----------------+------------------------------+----------------------------------------------------------------------------------+---------+
; ../watch.sv                      ; yes             ; User SystemVerilog HDL File  ; /home/c-ec2023/ra252974/Documents/MC613/lab05/watch.sv                           ;         ;
; ../dec_7seg.sv                   ; yes             ; User SystemVerilog HDL File  ; /home/c-ec2023/ra252974/Documents/MC613/lab05/dec_7seg.sv                        ;         ;
; ../clock.sv                      ; yes             ; User SystemVerilog HDL File  ; /home/c-ec2023/ra252974/Documents/MC613/lab05/clock.sv                           ;         ;
; ../stopwatch.sv                  ; yes             ; User SystemVerilog HDL File  ; /home/c-ec2023/ra252974/Documents/MC613/lab05/stopwatch.sv                       ;         ;
; lpm_divide.tdf                   ; yes             ; Megafunction                 ; /opt/altera/17.1/quartus/libraries/megafunctions/lpm_divide.tdf                  ;         ;
; abs_divider.inc                  ; yes             ; Megafunction                 ; /opt/altera/17.1/quartus/libraries/megafunctions/abs_divider.inc                 ;         ;
; sign_div_unsign.inc              ; yes             ; Megafunction                 ; /opt/altera/17.1/quartus/libraries/megafunctions/sign_div_unsign.inc             ;         ;
; aglobal171.inc                   ; yes             ; Megafunction                 ; /opt/altera/17.1/quartus/libraries/megafunctions/aglobal171.inc                  ;         ;
; db/lpm_divide_72m.tdf            ; yes             ; Auto-Generated Megafunction  ; /home/c-ec2023/ra252974/Documents/MC613/lab05/quartus/db/lpm_divide_72m.tdf      ;         ;
; db/sign_div_unsign_akh.tdf       ; yes             ; Auto-Generated Megafunction  ; /home/c-ec2023/ra252974/Documents/MC613/lab05/quartus/db/sign_div_unsign_akh.tdf ;         ;
; db/alt_u_div_qse.tdf             ; yes             ; Auto-Generated Megafunction  ; /home/c-ec2023/ra252974/Documents/MC613/lab05/quartus/db/alt_u_div_qse.tdf       ;         ;
; db/lpm_divide_62m.tdf            ; yes             ; Auto-Generated Megafunction  ; /home/c-ec2023/ra252974/Documents/MC613/lab05/quartus/db/lpm_divide_62m.tdf      ;         ;
; db/sign_div_unsign_9kh.tdf       ; yes             ; Auto-Generated Megafunction  ; /home/c-ec2023/ra252974/Documents/MC613/lab05/quartus/db/sign_div_unsign_9kh.tdf ;         ;
; db/alt_u_div_ose.tdf             ; yes             ; Auto-Generated Megafunction  ; /home/c-ec2023/ra252974/Documents/MC613/lab05/quartus/db/alt_u_div_ose.tdf       ;         ;
; db/lpm_divide_4am.tdf            ; yes             ; Auto-Generated Megafunction  ; /home/c-ec2023/ra252974/Documents/MC613/lab05/quartus/db/lpm_divide_4am.tdf      ;         ;
; db/lpm_divide_3am.tdf            ; yes             ; Auto-Generated Megafunction  ; /home/c-ec2023/ra252974/Documents/MC613/lab05/quartus/db/lpm_divide_3am.tdf      ;         ;
; db/lpm_divide_52m.tdf            ; yes             ; Auto-Generated Megafunction  ; /home/c-ec2023/ra252974/Documents/MC613/lab05/quartus/db/lpm_divide_52m.tdf      ;         ;
; db/sign_div_unsign_8kh.tdf       ; yes             ; Auto-Generated Megafunction  ; /home/c-ec2023/ra252974/Documents/MC613/lab05/quartus/db/sign_div_unsign_8kh.tdf ;         ;
; db/alt_u_div_mse.tdf             ; yes             ; Auto-Generated Megafunction  ; /home/c-ec2023/ra252974/Documents/MC613/lab05/quartus/db/alt_u_div_mse.tdf       ;         ;
; db/lpm_divide_2am.tdf            ; yes             ; Auto-Generated Megafunction  ; /home/c-ec2023/ra252974/Documents/MC613/lab05/quartus/db/lpm_divide_2am.tdf      ;         ;
+----------------------------------+-----------------+------------------------------+----------------------------------------------------------------------------------+---------+


+---------------------------------------------------------------+
; Analysis & Synthesis Resource Usage Summary                   ;
+---------------------------------------------+-----------------+
; Resource                                    ; Usage           ;
+---------------------------------------------+-----------------+
; Estimate of Logic utilization (ALMs needed) ; 292             ;
;                                             ;                 ;
; Combinational ALUT usage for logic          ; 539             ;
;     -- 7 input functions                    ; 13              ;
;     -- 6 input functions                    ; 28              ;
;     -- 5 input functions                    ; 19              ;
;     -- 4 input functions                    ; 63              ;
;     -- <=3 input functions                  ; 416             ;
;                                             ;                 ;
; Dedicated logic registers                   ; 94              ;
;                                             ;                 ;
; I/O pins                                    ; 53              ;
;                                             ;                 ;
; Total DSP Blocks                            ; 0               ;
;                                             ;                 ;
; Maximum fan-out node                        ; CLOCK_100~input ;
; Maximum fan-out                             ; 94              ;
; Total fan-out                               ; 1946            ;
; Average fan-out                             ; 2.63            ;
+---------------------------------------------+-----------------+


+-----------------------------------------------------------------------------------------------------------------------------------------------------------------------------------------------------------------------------------------------------------------------------------------------+
; Analysis & Synthesis Resource Utilization by Entity                                                                                                                                                                                                                                           ;
+----------------------------------------+---------------------+---------------------------+-------------------+------------+------+--------------+--------------------------------------------------------------------------------------------------------+---------------------+--------------+
; Compilation Hierarchy Node             ; Combinational ALUTs ; Dedicated Logic Registers ; Block Memory Bits ; DSP Blocks ; Pins ; Virtual Pins ; Full Hierarchy Name                                                                                    ; Entity Name         ; Library Name ;
+----------------------------------------+---------------------+---------------------------+-------------------+------------+------+--------------+--------------------------------------------------------------------------------------------------------+---------------------+--------------+
; |clock                                 ; 539 (34)            ; 94 (6)                    ; 0                 ; 0          ; 53   ; 0            ; |clock                                                                                                 ; clock               ; work         ;
;    |dec_7seg:dis_0|                    ; 7 (7)               ; 0 (0)                     ; 0                 ; 0          ; 0    ; 0            ; |clock|dec_7seg:dis_0                                                                                  ; dec_7seg            ; work         ;
;    |dec_7seg:dis_1|                    ; 7 (7)               ; 0 (0)                     ; 0                 ; 0          ; 0    ; 0            ; |clock|dec_7seg:dis_1                                                                                  ; dec_7seg            ; work         ;
;    |dec_7seg:dis_2|                    ; 7 (7)               ; 0 (0)                     ; 0                 ; 0          ; 0    ; 0            ; |clock|dec_7seg:dis_2                                                                                  ; dec_7seg            ; work         ;
;    |dec_7seg:dis_3|                    ; 7 (7)               ; 0 (0)                     ; 0                 ; 0          ; 0    ; 0            ; |clock|dec_7seg:dis_3                                                                                  ; dec_7seg            ; work         ;
;    |dec_7seg:dis_4|                    ; 7 (7)               ; 0 (0)                     ; 0                 ; 0          ; 0    ; 0            ; |clock|dec_7seg:dis_4                                                                                  ; dec_7seg            ; work         ;
;    |dec_7seg:dis_5|                    ; 7 (7)               ; 0 (0)                     ; 0                 ; 0          ; 0    ; 0            ; |clock|dec_7seg:dis_5                                                                                  ; dec_7seg            ; work         ;
;    |lpm_divide:Div0|                   ; 38 (0)              ; 0 (0)                     ; 0                 ; 0          ; 0    ; 0            ; |clock|lpm_divide:Div0                                                                                 ; lpm_divide          ; work         ;
;       |lpm_divide_4am:auto_generated|  ; 38 (0)              ; 0 (0)                     ; 0                 ; 0          ; 0    ; 0            ; |clock|lpm_divide:Div0|lpm_divide_4am:auto_generated                                                   ; lpm_divide_4am      ; work         ;
;          |sign_div_unsign_akh:divider| ; 38 (0)              ; 0 (0)                     ; 0                 ; 0          ; 0    ; 0            ; |clock|lpm_divide:Div0|lpm_divide_4am:auto_generated|sign_div_unsign_akh:divider                       ; sign_div_unsign_akh ; work         ;
;             |alt_u_div_qse:divider|    ; 38 (38)             ; 0 (0)                     ; 0                 ; 0          ; 0    ; 0            ; |clock|lpm_divide:Div0|lpm_divide_4am:auto_generated|sign_div_unsign_akh:divider|alt_u_div_qse:divider ; alt_u_div_qse       ; work         ;
;    |lpm_divide:Div1|                   ; 27 (0)              ; 0 (0)                     ; 0                 ; 0          ; 0    ; 0            ; |clock|lpm_divide:Div1                                                                                 ; lpm_divide          ; work         ;
;       |lpm_divide_3am:auto_generated|  ; 27 (0)              ; 0 (0)                     ; 0                 ; 0          ; 0    ; 0            ; |clock|lpm_divide:Div1|lpm_divide_3am:auto_generated                                                   ; lpm_divide_3am      ; work         ;
;          |sign_div_unsign_9kh:divider| ; 27 (0)              ; 0 (0)                     ; 0                 ; 0          ; 0    ; 0            ; |clock|lpm_divide:Div1|lpm_divide_3am:auto_generated|sign_div_unsign_9kh:divider                       ; sign_div_unsign_9kh ; work         ;
;             |alt_u_div_ose:divider|    ; 27 (27)             ; 0 (0)                     ; 0                 ; 0          ; 0    ; 0            ; |clock|lpm_divide:Div1|lpm_divide_3am:auto_generated|sign_div_unsign_9kh:divider|alt_u_div_ose:divider ; alt_u_div_ose       ; work         ;
;    |lpm_divide:Div2|                   ; 38 (0)              ; 0 (0)                     ; 0                 ; 0          ; 0    ; 0            ; |clock|lpm_divide:Div2                                                                                 ; lpm_divide          ; work         ;
;       |lpm_divide_4am:auto_generated|  ; 38 (0)              ; 0 (0)                     ; 0                 ; 0          ; 0    ; 0            ; |clock|lpm_divide:Div2|lpm_divide_4am:auto_generated                                                   ; lpm_divide_4am      ; work         ;
;          |sign_div_unsign_akh:divider| ; 38 (0)              ; 0 (0)                     ; 0                 ; 0          ; 0    ; 0            ; |clock|lpm_divide:Div2|lpm_divide_4am:auto_generated|sign_div_unsign_akh:divider                       ; sign_div_unsign_akh ; work         ;
;             |alt_u_div_qse:divider|    ; 38 (38)             ; 0 (0)                     ; 0                 ; 0          ; 0    ; 0            ; |clock|lpm_divide:Div2|lpm_divide_4am:auto_generated|sign_div_unsign_akh:divider|alt_u_div_qse:divider ; alt_u_div_qse       ; work         ;
;    |lpm_divide:Div3|                   ; 27 (0)              ; 0 (0)                     ; 0                 ; 0          ; 0    ; 0            ; |clock|lpm_divide:Div3                                                                                 ; lpm_divide          ; work         ;
;       |lpm_divide_3am:auto_generated|  ; 27 (0)              ; 0 (0)                     ; 0                 ; 0          ; 0    ; 0            ; |clock|lpm_divide:Div3|lpm_divide_3am:auto_generated                                                   ; lpm_divide_3am      ; work         ;
;          |sign_div_unsign_9kh:divider| ; 27 (0)              ; 0 (0)                     ; 0                 ; 0          ; 0    ; 0            ; |clock|lpm_divide:Div3|lpm_divide_3am:auto_generated|sign_div_unsign_9kh:divider                       ; sign_div_unsign_9kh ; work         ;
;             |alt_u_div_ose:divider|    ; 27 (27)             ; 0 (0)                     ; 0                 ; 0          ; 0    ; 0            ; |clock|lpm_divide:Div3|lpm_divide_3am:auto_generated|sign_div_unsign_9kh:divider|alt_u_div_ose:divider ; alt_u_div_ose       ; work         ;
;    |lpm_divide:Div4|                   ; 27 (0)              ; 0 (0)                     ; 0                 ; 0          ; 0    ; 0            ; |clock|lpm_divide:Div4                                                                                 ; lpm_divide          ; work         ;
;       |lpm_divide_3am:auto_generated|  ; 27 (0)              ; 0 (0)                     ; 0                 ; 0          ; 0    ; 0            ; |clock|lpm_divide:Div4|lpm_divide_3am:auto_generated                                                   ; lpm_divide_3am      ; work         ;
;          |sign_div_unsign_9kh:divider| ; 27 (0)              ; 0 (0)                     ; 0                 ; 0          ; 0    ; 0            ; |clock|lpm_divide:Div4|lpm_divide_3am:auto_generated|sign_div_unsign_9kh:divider                       ; sign_div_unsign_9kh ; work         ;
;             |alt_u_div_ose:divider|    ; 27 (27)             ; 0 (0)                     ; 0                 ; 0          ; 0    ; 0            ; |clock|lpm_divide:Div4|lpm_divide_3am:auto_generated|sign_div_unsign_9kh:divider|alt_u_div_ose:divider ; alt_u_div_ose       ; work         ;
;    |lpm_divide:Div5|                   ; 16 (0)              ; 0 (0)                     ; 0                 ; 0          ; 0    ; 0            ; |clock|lpm_divide:Div5                                                                                 ; lpm_divide          ; work         ;
;       |lpm_divide_2am:auto_generated|  ; 16 (0)              ; 0 (0)                     ; 0                 ; 0          ; 0    ; 0            ; |clock|lpm_divide:Div5|lpm_divide_2am:auto_generated                                                   ; lpm_divide_2am      ; work         ;
;          |sign_div_unsign_8kh:divider| ; 16 (0)              ; 0 (0)                     ; 0                 ; 0          ; 0    ; 0            ; |clock|lpm_divide:Div5|lpm_divide_2am:auto_generated|sign_div_unsign_8kh:divider                       ; sign_div_unsign_8kh ; work         ;
;             |alt_u_div_mse:divider|    ; 16 (16)             ; 0 (0)                     ; 0                 ; 0          ; 0    ; 0            ; |clock|lpm_divide:Div5|lpm_divide_2am:auto_generated|sign_div_unsign_8kh:divider|alt_u_div_mse:divider ; alt_u_div_mse       ; work         ;
;    |lpm_divide:Mod0|                   ; 38 (0)              ; 0 (0)                     ; 0                 ; 0          ; 0    ; 0            ; |clock|lpm_divide:Mod0                                                                                 ; lpm_divide          ; work         ;
;       |lpm_divide_72m:auto_generated|  ; 38 (0)              ; 0 (0)                     ; 0                 ; 0          ; 0    ; 0            ; |clock|lpm_divide:Mod0|lpm_divide_72m:auto_generated                                                   ; lpm_divide_72m      ; work         ;
;          |sign_div_unsign_akh:divider| ; 38 (0)              ; 0 (0)                     ; 0                 ; 0          ; 0    ; 0            ; |clock|lpm_divide:Mod0|lpm_divide_72m:auto_generated|sign_div_unsign_akh:divider                       ; sign_div_unsign_akh ; work         ;
;             |alt_u_div_qse:divider|    ; 38 (38)             ; 0 (0)                     ; 0                 ; 0          ; 0    ; 0            ; |clock|lpm_divide:Mod0|lpm_divide_72m:auto_generated|sign_div_unsign_akh:divider|alt_u_div_qse:divider ; alt_u_div_qse       ; work         ;
;    |lpm_divide:Mod1|                   ; 27 (0)              ; 0 (0)                     ; 0                 ; 0          ; 0    ; 0            ; |clock|lpm_divide:Mod1                                                                                 ; lpm_divide          ; work         ;
;       |lpm_divide_62m:auto_generated|  ; 27 (0)              ; 0 (0)                     ; 0                 ; 0          ; 0    ; 0            ; |clock|lpm_divide:Mod1|lpm_divide_62m:auto_generated                                                   ; lpm_divide_62m      ; work         ;
;          |sign_div_unsign_9kh:divider| ; 27 (0)              ; 0 (0)                     ; 0                 ; 0          ; 0    ; 0            ; |clock|lpm_divide:Mod1|lpm_divide_62m:auto_generated|sign_div_unsign_9kh:divider                       ; sign_div_unsign_9kh ; work         ;
;             |alt_u_div_ose:divider|    ; 27 (27)             ; 0 (0)                     ; 0                 ; 0          ; 0    ; 0            ; |clock|lpm_divide:Mod1|lpm_divide_62m:auto_generated|sign_div_unsign_9kh:divider|alt_u_div_ose:divider ; alt_u_div_ose       ; work         ;
;    |lpm_divide:Mod2|                   ; 38 (0)              ; 0 (0)                     ; 0                 ; 0          ; 0    ; 0            ; |clock|lpm_divide:Mod2                                                                                 ; lpm_divide          ; work         ;
;       |lpm_divide_72m:auto_generated|  ; 38 (0)              ; 0 (0)                     ; 0                 ; 0          ; 0    ; 0            ; |clock|lpm_divide:Mod2|lpm_divide_72m:auto_generated                                                   ; lpm_divide_72m      ; work         ;
;          |sign_div_unsign_akh:divider| ; 38 (0)              ; 0 (0)                     ; 0                 ; 0          ; 0    ; 0            ; |clock|lpm_divide:Mod2|lpm_divide_72m:auto_generated|sign_div_unsign_akh:divider                       ; sign_div_unsign_akh ; work         ;
;             |alt_u_div_qse:divider|    ; 38 (38)             ; 0 (0)                     ; 0                 ; 0          ; 0    ; 0            ; |clock|lpm_divide:Mod2|lpm_divide_72m:auto_generated|sign_div_unsign_akh:divider|alt_u_div_qse:divider ; alt_u_div_qse       ; work         ;
;    |lpm_divide:Mod3|                   ; 27 (0)              ; 0 (0)                     ; 0                 ; 0          ; 0    ; 0            ; |clock|lpm_divide:Mod3                                                                                 ; lpm_divide          ; work         ;
;       |lpm_divide_62m:auto_generated|  ; 27 (0)              ; 0 (0)                     ; 0                 ; 0          ; 0    ; 0            ; |clock|lpm_divide:Mod3|lpm_divide_62m:auto_generated                                                   ; lpm_divide_62m      ; work         ;
;          |sign_div_unsign_9kh:divider| ; 27 (0)              ; 0 (0)                     ; 0                 ; 0          ; 0    ; 0            ; |clock|lpm_divide:Mod3|lpm_divide_62m:auto_generated|sign_div_unsign_9kh:divider                       ; sign_div_unsign_9kh ; work         ;
;             |alt_u_div_ose:divider|    ; 27 (27)             ; 0 (0)                     ; 0                 ; 0          ; 0    ; 0            ; |clock|lpm_divide:Mod3|lpm_divide_62m:auto_generated|sign_div_unsign_9kh:divider|alt_u_div_ose:divider ; alt_u_div_ose       ; work         ;
;    |lpm_divide:Mod4|                   ; 27 (0)              ; 0 (0)                     ; 0                 ; 0          ; 0    ; 0            ; |clock|lpm_divide:Mod4                                                                                 ; lpm_divide          ; work         ;
;       |lpm_divide_62m:auto_generated|  ; 27 (0)              ; 0 (0)                     ; 0                 ; 0          ; 0    ; 0            ; |clock|lpm_divide:Mod4|lpm_divide_62m:auto_generated                                                   ; lpm_divide_62m      ; work         ;
;          |sign_div_unsign_9kh:divider| ; 27 (0)              ; 0 (0)                     ; 0                 ; 0          ; 0    ; 0            ; |clock|lpm_divide:Mod4|lpm_divide_62m:auto_generated|sign_div_unsign_9kh:divider                       ; sign_div_unsign_9kh ; work         ;
;             |alt_u_div_ose:divider|    ; 27 (27)             ; 0 (0)                     ; 0                 ; 0          ; 0    ; 0            ; |clock|lpm_divide:Mod4|lpm_divide_62m:auto_generated|sign_div_unsign_9kh:divider|alt_u_div_ose:divider ; alt_u_div_ose       ; work         ;
;    |lpm_divide:Mod5|                   ; 16 (0)              ; 0 (0)                     ; 0                 ; 0          ; 0    ; 0            ; |clock|lpm_divide:Mod5                                                                                 ; lpm_divide          ; work         ;
;       |lpm_divide_52m:auto_generated|  ; 16 (0)              ; 0 (0)                     ; 0                 ; 0          ; 0    ; 0            ; |clock|lpm_divide:Mod5|lpm_divide_52m:auto_generated                                                   ; lpm_divide_52m      ; work         ;
;          |sign_div_unsign_8kh:divider| ; 16 (0)              ; 0 (0)                     ; 0                 ; 0          ; 0    ; 0            ; |clock|lpm_divide:Mod5|lpm_divide_52m:auto_generated|sign_div_unsign_8kh:divider                       ; sign_div_unsign_8kh ; work         ;
;             |alt_u_div_mse:divider|    ; 16 (16)             ; 0 (0)                     ; 0                 ; 0          ; 0    ; 0            ; |clock|lpm_divide:Mod5|lpm_divide_52m:auto_generated|sign_div_unsign_8kh:divider|alt_u_div_mse:divider ; alt_u_div_mse       ; work         ;
;    |stopwatch:stopwatch_inst|          ; 52 (52)             ; 41 (41)                   ; 0                 ; 0          ; 0    ; 0            ; |clock|stopwatch:stopwatch_inst                                                                        ; stopwatch           ; work         ;
;    |watch:watch_inst|                  ; 65 (65)             ; 47 (47)                   ; 0                 ; 0          ; 0    ; 0            ; |clock|watch:watch_inst                                                                                ; watch               ; work         ;
+----------------------------------------+---------------------+---------------------------+-------------------+------------+------+--------------+--------------------------------------------------------------------------------------------------------+---------------------+--------------+
Note: For table entries with two numbers listed, the numbers in parentheses indicate the number of resources of the given type used by the specific entity alone. The numbers listed outside of parentheses indicate the total resources of the given type used by the specific entity and all of its sub-entities in the hierarchy.


+------------------------------------------------------+
; General Register Statistics                          ;
+----------------------------------------------+-------+
; Statistic                                    ; Value ;
+----------------------------------------------+-------+
; Total registers                              ; 94    ;
; Number of registers using Synchronous Clear  ; 45    ;
; Number of registers using Synchronous Load   ; 4     ;
; Number of registers using Asynchronous Clear ; 41    ;
; Number of registers using Asynchronous Load  ; 0     ;
; Number of registers using Clock Enable       ; 38    ;
; Number of registers using Preset             ; 0     ;
+----------------------------------------------+-------+


+---------------------------------------------------------------------------------------------------------------------------------------------------+
; Multiplexer Restructuring Statistics (Restructuring Performed)                                                                                    ;
+--------------------+-----------+---------------+----------------------+------------------------+------------+-------------------------------------+
; Multiplexer Inputs ; Bus Width ; Baseline Area ; Area if Restructured ; Saving if Restructured ; Registered ; Example Multiplexer Output          ;
+--------------------+-----------+---------------+----------------------+------------------------+------------+-------------------------------------+
; 7:1                ; 6 bits    ; 24 LEs        ; 12 LEs               ; 12 LEs                 ; Yes        ; |clock|watch:watch_inst|seg_reg[1]  ;
; 7:1                ; 6 bits    ; 24 LEs        ; 12 LEs               ; 12 LEs                 ; Yes        ; |clock|watch:watch_inst|min_reg[0]  ;
; 7:1                ; 5 bits    ; 20 LEs        ; 10 LEs               ; 10 LEs                 ; Yes        ; |clock|watch:watch_inst|hour_reg[3] ;
+--------------------+-----------+---------------+----------------------+------------------------+------------+-------------------------------------+


+------------------------------------------------------------------+
; Parameter Settings for Inferred Entity Instance: lpm_divide:Mod0 ;
+------------------------+----------------+------------------------+
; Parameter Name         ; Value          ; Type                   ;
+------------------------+----------------+------------------------+
; LPM_WIDTHN             ; 7              ; Untyped                ;
; LPM_WIDTHD             ; 4              ; Untyped                ;
; LPM_NREPRESENTATION    ; UNSIGNED       ; Untyped                ;
; LPM_DREPRESENTATION    ; UNSIGNED       ; Untyped                ;
; LPM_PIPELINE           ; 0              ; Untyped                ;
; LPM_REMAINDERPOSITIVE  ; TRUE           ; Untyped                ;
; MAXIMIZE_SPEED         ; 5              ; Untyped                ;
; CBXI_PARAMETER         ; lpm_divide_72m ; Untyped                ;
; CARRY_CHAIN            ; MANUAL         ; Untyped                ;
; OPTIMIZE_FOR_SPEED     ; 5              ; Untyped                ;
; AUTO_CARRY_CHAINS      ; ON             ; AUTO_CARRY             ;
; IGNORE_CARRY_BUFFERS   ; OFF            ; IGNORE_CARRY           ;
; AUTO_CASCADE_CHAINS    ; ON             ; AUTO_CASCADE           ;
; IGNORE_CASCADE_BUFFERS ; OFF            ; IGNORE_CASCADE         ;
+------------------------+----------------+------------------------+
Note: In order to hide this table in the UI and the text report file, please set the "Show Parameter Settings in Synthesis Report" option in "Analysis and Synthesis Settings -> More Settings" to "Off".


+------------------------------------------------------------------+
; Parameter Settings for Inferred Entity Instance: lpm_divide:Mod3 ;
+------------------------+----------------+------------------------+
; Parameter Name         ; Value          ; Type                   ;
+------------------------+----------------+------------------------+
; LPM_WIDTHN             ; 6              ; Untyped                ;
; LPM_WIDTHD             ; 4              ; Untyped                ;
; LPM_NREPRESENTATION    ; UNSIGNED       ; Untyped                ;
; LPM_DREPRESENTATION    ; UNSIGNED       ; Untyped                ;
; LPM_PIPELINE           ; 0              ; Untyped                ;
; LPM_REMAINDERPOSITIVE  ; TRUE           ; Untyped                ;
; MAXIMIZE_SPEED         ; 5              ; Untyped                ;
; CBXI_PARAMETER         ; lpm_divide_62m ; Untyped                ;
; CARRY_CHAIN            ; MANUAL         ; Untyped                ;
; OPTIMIZE_FOR_SPEED     ; 5              ; Untyped                ;
; AUTO_CARRY_CHAINS      ; ON             ; AUTO_CARRY             ;
; IGNORE_CARRY_BUFFERS   ; OFF            ; IGNORE_CARRY           ;
; AUTO_CASCADE_CHAINS    ; ON             ; AUTO_CASCADE           ;
; IGNORE_CASCADE_BUFFERS ; OFF            ; IGNORE_CASCADE         ;
+------------------------+----------------+------------------------+
Note: In order to hide this table in the UI and the text report file, please set the "Show Parameter Settings in Synthesis Report" option in "Analysis and Synthesis Settings -> More Settings" to "Off".


+------------------------------------------------------------------+
; Parameter Settings for Inferred Entity Instance: lpm_divide:Div0 ;
+------------------------+----------------+------------------------+
; Parameter Name         ; Value          ; Type                   ;
+------------------------+----------------+------------------------+
; LPM_WIDTHN             ; 7              ; Untyped                ;
; LPM_WIDTHD             ; 4              ; Untyped                ;
; LPM_NREPRESENTATION    ; UNSIGNED       ; Untyped                ;
; LPM_DREPRESENTATION    ; UNSIGNED       ; Untyped                ;
; LPM_PIPELINE           ; 0              ; Untyped                ;
; LPM_REMAINDERPOSITIVE  ; TRUE           ; Untyped                ;
; MAXIMIZE_SPEED         ; 5              ; Untyped                ;
; CBXI_PARAMETER         ; lpm_divide_4am ; Untyped                ;
; CARRY_CHAIN            ; MANUAL         ; Untyped                ;
; OPTIMIZE_FOR_SPEED     ; 5              ; Untyped                ;
; AUTO_CARRY_CHAINS      ; ON             ; AUTO_CARRY             ;
; IGNORE_CARRY_BUFFERS   ; OFF            ; IGNORE_CARRY           ;
; AUTO_CASCADE_CHAINS    ; ON             ; AUTO_CASCADE           ;
; IGNORE_CASCADE_BUFFERS ; OFF            ; IGNORE_CASCADE         ;
+------------------------+----------------+------------------------+
Note: In order to hide this table in the UI and the text report file, please set the "Show Parameter Settings in Synthesis Report" option in "Analysis and Synthesis Settings -> More Settings" to "Off".


+------------------------------------------------------------------+
; Parameter Settings for Inferred Entity Instance: lpm_divide:Div3 ;
+------------------------+----------------+------------------------+
; Parameter Name         ; Value          ; Type                   ;
+------------------------+----------------+------------------------+
; LPM_WIDTHN             ; 6              ; Untyped                ;
; LPM_WIDTHD             ; 4              ; Untyped                ;
; LPM_NREPRESENTATION    ; UNSIGNED       ; Untyped                ;
; LPM_DREPRESENTATION    ; UNSIGNED       ; Untyped                ;
; LPM_PIPELINE           ; 0              ; Untyped                ;
; LPM_REMAINDERPOSITIVE  ; TRUE           ; Untyped                ;
; MAXIMIZE_SPEED         ; 5              ; Untyped                ;
; CBXI_PARAMETER         ; lpm_divide_3am ; Untyped                ;
; CARRY_CHAIN            ; MANUAL         ; Untyped                ;
; OPTIMIZE_FOR_SPEED     ; 5              ; Untyped                ;
; AUTO_CARRY_CHAINS      ; ON             ; AUTO_CARRY             ;
; IGNORE_CARRY_BUFFERS   ; OFF            ; IGNORE_CARRY           ;
; AUTO_CASCADE_CHAINS    ; ON             ; AUTO_CASCADE           ;
; IGNORE_CASCADE_BUFFERS ; OFF            ; IGNORE_CASCADE         ;
+------------------------+----------------+------------------------+
Note: In order to hide this table in the UI and the text report file, please set the "Show Parameter Settings in Synthesis Report" option in "Analysis and Synthesis Settings -> More Settings" to "Off".


+------------------------------------------------------------------+
; Parameter Settings for Inferred Entity Instance: lpm_divide:Mod1 ;
+------------------------+----------------+------------------------+
; Parameter Name         ; Value          ; Type                   ;
+------------------------+----------------+------------------------+
; LPM_WIDTHN             ; 6              ; Untyped                ;
; LPM_WIDTHD             ; 4              ; Untyped                ;
; LPM_NREPRESENTATION    ; UNSIGNED       ; Untyped                ;
; LPM_DREPRESENTATION    ; UNSIGNED       ; Untyped                ;
; LPM_PIPELINE           ; 0              ; Untyped                ;
; LPM_REMAINDERPOSITIVE  ; TRUE           ; Untyped                ;
; MAXIMIZE_SPEED         ; 5              ; Untyped                ;
; CBXI_PARAMETER         ; lpm_divide_62m ; Untyped                ;
; CARRY_CHAIN            ; MANUAL         ; Untyped                ;
; OPTIMIZE_FOR_SPEED     ; 5              ; Untyped                ;
; AUTO_CARRY_CHAINS      ; ON             ; AUTO_CARRY             ;
; IGNORE_CARRY_BUFFERS   ; OFF            ; IGNORE_CARRY           ;
; AUTO_CASCADE_CHAINS    ; ON             ; AUTO_CASCADE           ;
; IGNORE_CASCADE_BUFFERS ; OFF            ; IGNORE_CASCADE         ;
+------------------------+----------------+------------------------+
Note: In order to hide this table in the UI and the text report file, please set the "Show Parameter Settings in Synthesis Report" option in "Analysis and Synthesis Settings -> More Settings" to "Off".


+------------------------------------------------------------------+
; Parameter Settings for Inferred Entity Instance: lpm_divide:Mod4 ;
+------------------------+----------------+------------------------+
; Parameter Name         ; Value          ; Type                   ;
+------------------------+----------------+------------------------+
; LPM_WIDTHN             ; 6              ; Untyped                ;
; LPM_WIDTHD             ; 4              ; Untyped                ;
; LPM_NREPRESENTATION    ; UNSIGNED       ; Untyped                ;
; LPM_DREPRESENTATION    ; UNSIGNED       ; Untyped                ;
; LPM_PIPELINE           ; 0              ; Untyped                ;
; LPM_REMAINDERPOSITIVE  ; TRUE           ; Untyped                ;
; MAXIMIZE_SPEED         ; 5              ; Untyped                ;
; CBXI_PARAMETER         ; lpm_divide_62m ; Untyped                ;
; CARRY_CHAIN            ; MANUAL         ; Untyped                ;
; OPTIMIZE_FOR_SPEED     ; 5              ; Untyped                ;
; AUTO_CARRY_CHAINS      ; ON             ; AUTO_CARRY             ;
; IGNORE_CARRY_BUFFERS   ; OFF            ; IGNORE_CARRY           ;
; AUTO_CASCADE_CHAINS    ; ON             ; AUTO_CASCADE           ;
; IGNORE_CASCADE_BUFFERS ; OFF            ; IGNORE_CASCADE         ;
+------------------------+----------------+------------------------+
Note: In order to hide this table in the UI and the text report file, please set the "Show Parameter Settings in Synthesis Report" option in "Analysis and Synthesis Settings -> More Settings" to "Off".


+------------------------------------------------------------------+
; Parameter Settings for Inferred Entity Instance: lpm_divide:Div1 ;
+------------------------+----------------+------------------------+
; Parameter Name         ; Value          ; Type                   ;
+------------------------+----------------+------------------------+
; LPM_WIDTHN             ; 6              ; Untyped                ;
; LPM_WIDTHD             ; 4              ; Untyped                ;
; LPM_NREPRESENTATION    ; UNSIGNED       ; Untyped                ;
; LPM_DREPRESENTATION    ; UNSIGNED       ; Untyped                ;
; LPM_PIPELINE           ; 0              ; Untyped                ;
; LPM_REMAINDERPOSITIVE  ; TRUE           ; Untyped                ;
; MAXIMIZE_SPEED         ; 5              ; Untyped                ;
; CBXI_PARAMETER         ; lpm_divide_3am ; Untyped                ;
; CARRY_CHAIN            ; MANUAL         ; Untyped                ;
; OPTIMIZE_FOR_SPEED     ; 5              ; Untyped                ;
; AUTO_CARRY_CHAINS      ; ON             ; AUTO_CARRY             ;
; IGNORE_CARRY_BUFFERS   ; OFF            ; IGNORE_CARRY           ;
; AUTO_CASCADE_CHAINS    ; ON             ; AUTO_CASCADE           ;
; IGNORE_CASCADE_BUFFERS ; OFF            ; IGNORE_CASCADE         ;
+------------------------+----------------+------------------------+
Note: In order to hide this table in the UI and the text report file, please set the "Show Parameter Settings in Synthesis Report" option in "Analysis and Synthesis Settings -> More Settings" to "Off".


+------------------------------------------------------------------+
; Parameter Settings for Inferred Entity Instance: lpm_divide:Div4 ;
+------------------------+----------------+------------------------+
; Parameter Name         ; Value          ; Type                   ;
+------------------------+----------------+------------------------+
; LPM_WIDTHN             ; 6              ; Untyped                ;
; LPM_WIDTHD             ; 4              ; Untyped                ;
; LPM_NREPRESENTATION    ; UNSIGNED       ; Untyped                ;
; LPM_DREPRESENTATION    ; UNSIGNED       ; Untyped                ;
; LPM_PIPELINE           ; 0              ; Untyped                ;
; LPM_REMAINDERPOSITIVE  ; TRUE           ; Untyped                ;
; MAXIMIZE_SPEED         ; 5              ; Untyped                ;
; CBXI_PARAMETER         ; lpm_divide_3am ; Untyped                ;
; CARRY_CHAIN            ; MANUAL         ; Untyped                ;
; OPTIMIZE_FOR_SPEED     ; 5              ; Untyped                ;
; AUTO_CARRY_CHAINS      ; ON             ; AUTO_CARRY             ;
; IGNORE_CARRY_BUFFERS   ; OFF            ; IGNORE_CARRY           ;
; AUTO_CASCADE_CHAINS    ; ON             ; AUTO_CASCADE           ;
; IGNORE_CASCADE_BUFFERS ; OFF            ; IGNORE_CASCADE         ;
+------------------------+----------------+------------------------+
Note: In order to hide this table in the UI and the text report file, please set the "Show Parameter Settings in Synthesis Report" option in "Analysis and Synthesis Settings -> More Settings" to "Off".


+------------------------------------------------------------------+
; Parameter Settings for Inferred Entity Instance: lpm_divide:Mod2 ;
+------------------------+----------------+------------------------+
; Parameter Name         ; Value          ; Type                   ;
+------------------------+----------------+------------------------+
; LPM_WIDTHN             ; 7              ; Untyped                ;
; LPM_WIDTHD             ; 4              ; Untyped                ;
; LPM_NREPRESENTATION    ; UNSIGNED       ; Untyped                ;
; LPM_DREPRESENTATION    ; UNSIGNED       ; Untyped                ;
; LPM_PIPELINE           ; 0              ; Untyped                ;
; LPM_REMAINDERPOSITIVE  ; TRUE           ; Untyped                ;
; MAXIMIZE_SPEED         ; 5              ; Untyped                ;
; CBXI_PARAMETER         ; lpm_divide_72m ; Untyped                ;
; CARRY_CHAIN            ; MANUAL         ; Untyped                ;
; OPTIMIZE_FOR_SPEED     ; 5              ; Untyped                ;
; AUTO_CARRY_CHAINS      ; ON             ; AUTO_CARRY             ;
; IGNORE_CARRY_BUFFERS   ; OFF            ; IGNORE_CARRY           ;
; AUTO_CASCADE_CHAINS    ; ON             ; AUTO_CASCADE           ;
; IGNORE_CASCADE_BUFFERS ; OFF            ; IGNORE_CASCADE         ;
+------------------------+----------------+------------------------+
Note: In order to hide this table in the UI and the text report file, please set the "Show Parameter Settings in Synthesis Report" option in "Analysis and Synthesis Settings -> More Settings" to "Off".


+------------------------------------------------------------------+
; Parameter Settings for Inferred Entity Instance: lpm_divide:Mod5 ;
+------------------------+----------------+------------------------+
; Parameter Name         ; Value          ; Type                   ;
+------------------------+----------------+------------------------+
; LPM_WIDTHN             ; 5              ; Untyped                ;
; LPM_WIDTHD             ; 4              ; Untyped                ;
; LPM_NREPRESENTATION    ; UNSIGNED       ; Untyped                ;
; LPM_DREPRESENTATION    ; UNSIGNED       ; Untyped                ;
; LPM_PIPELINE           ; 0              ; Untyped                ;
; LPM_REMAINDERPOSITIVE  ; TRUE           ; Untyped                ;
; MAXIMIZE_SPEED         ; 5              ; Untyped                ;
; CBXI_PARAMETER         ; lpm_divide_52m ; Untyped                ;
; CARRY_CHAIN            ; MANUAL         ; Untyped                ;
; OPTIMIZE_FOR_SPEED     ; 5              ; Untyped                ;
; AUTO_CARRY_CHAINS      ; ON             ; AUTO_CARRY             ;
; IGNORE_CARRY_BUFFERS   ; OFF            ; IGNORE_CARRY           ;
; AUTO_CASCADE_CHAINS    ; ON             ; AUTO_CASCADE           ;
; IGNORE_CASCADE_BUFFERS ; OFF            ; IGNORE_CASCADE         ;
+------------------------+----------------+------------------------+
Note: In order to hide this table in the UI and the text report file, please set the "Show Parameter Settings in Synthesis Report" option in "Analysis and Synthesis Settings -> More Settings" to "Off".


+------------------------------------------------------------------+
; Parameter Settings for Inferred Entity Instance: lpm_divide:Div2 ;
+------------------------+----------------+------------------------+
; Parameter Name         ; Value          ; Type                   ;
+------------------------+----------------+------------------------+
; LPM_WIDTHN             ; 7              ; Untyped                ;
; LPM_WIDTHD             ; 4              ; Untyped                ;
; LPM_NREPRESENTATION    ; UNSIGNED       ; Untyped                ;
; LPM_DREPRESENTATION    ; UNSIGNED       ; Untyped                ;
; LPM_PIPELINE           ; 0              ; Untyped                ;
; LPM_REMAINDERPOSITIVE  ; TRUE           ; Untyped                ;
; MAXIMIZE_SPEED         ; 5              ; Untyped                ;
; CBXI_PARAMETER         ; lpm_divide_4am ; Untyped                ;
; CARRY_CHAIN            ; MANUAL         ; Untyped                ;
; OPTIMIZE_FOR_SPEED     ; 5              ; Untyped                ;
; AUTO_CARRY_CHAINS      ; ON             ; AUTO_CARRY             ;
; IGNORE_CARRY_BUFFERS   ; OFF            ; IGNORE_CARRY           ;
; AUTO_CASCADE_CHAINS    ; ON             ; AUTO_CASCADE           ;
; IGNORE_CASCADE_BUFFERS ; OFF            ; IGNORE_CASCADE         ;
+------------------------+----------------+------------------------+
Note: In order to hide this table in the UI and the text report file, please set the "Show Parameter Settings in Synthesis Report" option in "Analysis and Synthesis Settings -> More Settings" to "Off".


+------------------------------------------------------------------+
; Parameter Settings for Inferred Entity Instance: lpm_divide:Div5 ;
+------------------------+----------------+------------------------+
; Parameter Name         ; Value          ; Type                   ;
+------------------------+----------------+------------------------+
; LPM_WIDTHN             ; 5              ; Untyped                ;
; LPM_WIDTHD             ; 4              ; Untyped                ;
; LPM_NREPRESENTATION    ; UNSIGNED       ; Untyped                ;
; LPM_DREPRESENTATION    ; UNSIGNED       ; Untyped                ;
; LPM_PIPELINE           ; 0              ; Untyped                ;
; LPM_REMAINDERPOSITIVE  ; TRUE           ; Untyped                ;
; MAXIMIZE_SPEED         ; 5              ; Untyped                ;
; CBXI_PARAMETER         ; lpm_divide_2am ; Untyped                ;
; CARRY_CHAIN            ; MANUAL         ; Untyped                ;
; OPTIMIZE_FOR_SPEED     ; 5              ; Untyped                ;
; AUTO_CARRY_CHAINS      ; ON             ; AUTO_CARRY             ;
; IGNORE_CARRY_BUFFERS   ; OFF            ; IGNORE_CARRY           ;
; AUTO_CASCADE_CHAINS    ; ON             ; AUTO_CASCADE           ;
; IGNORE_CASCADE_BUFFERS ; OFF            ; IGNORE_CASCADE         ;
+------------------------+----------------+------------------------+
Note: In order to hide this table in the UI and the text report file, please set the "Show Parameter Settings in Synthesis Report" option in "Analysis and Synthesis Settings -> More Settings" to "Off".


+------------------------------------------------------------------------------------------------------------------------------------------------------------------------------------------------------------+
; Port Connectivity Checks: "dec_7seg:dis_5"                                                                                                                                                                 ;
+------+-------+----------+----------------------------------------------------------------------------------------------------------------------------------------------------------------------------------+
; Port ; Type  ; Severity ; Details                                                                                                                                                                          ;
+------+-------+----------+----------------------------------------------------------------------------------------------------------------------------------------------------------------------------------+
; bin  ; Input ; Warning  ; Input port expression (5 bits) is wider than the input port (4 bits) it drives.  The 1 most-significant bit(s) in the expression will be dangling if they have no other fanouts. ;
+------+-------+----------+----------------------------------------------------------------------------------------------------------------------------------------------------------------------------------+


+------------------------------------------------------------------------------------------------------------------------------------------------------------------------------------------------------------+
; Port Connectivity Checks: "dec_7seg:dis_4"                                                                                                                                                                 ;
+------+-------+----------+----------------------------------------------------------------------------------------------------------------------------------------------------------------------------------+
; Port ; Type  ; Severity ; Details                                                                                                                                                                          ;
+------+-------+----------+----------------------------------------------------------------------------------------------------------------------------------------------------------------------------------+
; bin  ; Input ; Warning  ; Input port expression (5 bits) is wider than the input port (4 bits) it drives.  The 1 most-significant bit(s) in the expression will be dangling if they have no other fanouts. ;
+------+-------+----------+----------------------------------------------------------------------------------------------------------------------------------------------------------------------------------+


+------------------------------------------------------------------------------------------------------------------------------------------------------------------------------------------------------------+
; Port Connectivity Checks: "dec_7seg:dis_3"                                                                                                                                                                 ;
+------+-------+----------+----------------------------------------------------------------------------------------------------------------------------------------------------------------------------------+
; Port ; Type  ; Severity ; Details                                                                                                                                                                          ;
+------+-------+----------+----------------------------------------------------------------------------------------------------------------------------------------------------------------------------------+
; bin  ; Input ; Warning  ; Input port expression (5 bits) is wider than the input port (4 bits) it drives.  The 1 most-significant bit(s) in the expression will be dangling if they have no other fanouts. ;
+------+-------+----------+----------------------------------------------------------------------------------------------------------------------------------------------------------------------------------+


+------------------------------------------------------------------------------------------------------------------------------------------------------------------------------------------------------------+
; Port Connectivity Checks: "dec_7seg:dis_2"                                                                                                                                                                 ;
+------+-------+----------+----------------------------------------------------------------------------------------------------------------------------------------------------------------------------------+
; Port ; Type  ; Severity ; Details                                                                                                                                                                          ;
+------+-------+----------+----------------------------------------------------------------------------------------------------------------------------------------------------------------------------------+
; bin  ; Input ; Warning  ; Input port expression (5 bits) is wider than the input port (4 bits) it drives.  The 1 most-significant bit(s) in the expression will be dangling if they have no other fanouts. ;
+------+-------+----------+----------------------------------------------------------------------------------------------------------------------------------------------------------------------------------+


+------------------------------------------------------------------------------------------------------------------------------------------------------------------------------------------------------------+
; Port Connectivity Checks: "dec_7seg:dis_1"                                                                                                                                                                 ;
+------+-------+----------+----------------------------------------------------------------------------------------------------------------------------------------------------------------------------------+
; Port ; Type  ; Severity ; Details                                                                                                                                                                          ;
+------+-------+----------+----------------------------------------------------------------------------------------------------------------------------------------------------------------------------------+
; bin  ; Input ; Warning  ; Input port expression (5 bits) is wider than the input port (4 bits) it drives.  The 1 most-significant bit(s) in the expression will be dangling if they have no other fanouts. ;
+------+-------+----------+----------------------------------------------------------------------------------------------------------------------------------------------------------------------------------+


+------------------------------------------------------------------------------------------------------------------------------------------------------------------------------------------------------------+
; Port Connectivity Checks: "dec_7seg:dis_0"                                                                                                                                                                 ;
+------+-------+----------+----------------------------------------------------------------------------------------------------------------------------------------------------------------------------------+
; Port ; Type  ; Severity ; Details                                                                                                                                                                          ;
+------+-------+----------+----------------------------------------------------------------------------------------------------------------------------------------------------------------------------------+
; bin  ; Input ; Warning  ; Input port expression (5 bits) is wider than the input port (4 bits) it drives.  The 1 most-significant bit(s) in the expression will be dangling if they have no other fanouts. ;
+------+-------+----------+----------------------------------------------------------------------------------------------------------------------------------------------------------------------------------+


+-----------------------------------------------------------------------------------------------------------------+
; Port Connectivity Checks: "watch:watch_inst"                                                                    ;
+-------+--------+----------+-------------------------------------------------------------------------------------+
; Port  ; Type   ; Severity ; Details                                                                             ;
+-------+--------+----------+-------------------------------------------------------------------------------------+
; blink ; Output ; Info     ; Connected to dangling logic. Logic that only feeds a dangling port will be removed. ;
+-------+--------+----------+-------------------------------------------------------------------------------------+


+-----------------------------------------------------+
; Post-Synthesis Netlist Statistics for Top Partition ;
+-----------------------+-----------------------------+
; Type                  ; Count                       ;
+-----------------------+-----------------------------+
; arriav_ff             ; 94                          ;
;     CLR               ; 3                           ;
;     CLR SCLR          ; 19                          ;
;     ENA               ; 15                          ;
;     ENA CLR           ; 19                          ;
;     ENA SLD           ; 4                           ;
;     SCLR              ; 26                          ;
;     plain             ; 8                           ;
; arriav_lcell_comb     ; 545                         ;
;     arith             ; 240                         ;
;         0 data inputs ; 52                          ;
;         1 data inputs ; 83                          ;
;         2 data inputs ; 25                          ;
;         3 data inputs ; 66                          ;
;         4 data inputs ; 14                          ;
;     extend            ; 13                          ;
;         7 data inputs ; 13                          ;
;     normal            ; 232                         ;
;         1 data inputs ; 13                          ;
;         2 data inputs ; 88                          ;
;         3 data inputs ; 35                          ;
;         4 data inputs ; 49                          ;
;         5 data inputs ; 19                          ;
;         6 data inputs ; 28                          ;
;     shared            ; 60                          ;
;         0 data inputs ; 12                          ;
;         1 data inputs ; 48                          ;
; boundary_port         ; 53                          ;
;                       ;                             ;
; Max LUT depth         ; 9.50                        ;
; Average LUT depth     ; 6.29                        ;
+-----------------------+-----------------------------+


+-------------------------------+
; Elapsed Time Per Partition    ;
+----------------+--------------+
; Partition Name ; Elapsed Time ;
+----------------+--------------+
; Top            ; 00:00:01     ;
+----------------+--------------+


+-------------------------------+
; Analysis & Synthesis Messages ;
+-------------------------------+
Info: *******************************************************************
Info: Running Quartus Prime Analysis & Synthesis
    Info: Version 17.1.0 Build 590 10/25/2017 SJ Lite Edition
    Info: Processing started: Mon May 12 18:37:12 2025
Info: Command: quartus_map --read_settings_files=on --write_settings_files=off lab05 -c clock
Warning (18236): Number of processors has not been specified which may cause overloading on shared machines.  Set the global assignment NUM_PARALLEL_PROCESSORS in your QSF to an appropriate value for best performance.
Info (20030): Parallel compilation is enabled and will use 4 of the 4 processors detected
Info (12021): Found 1 design units, including 1 entities, in source file /home/c-ec2023/ra252974/Documents/MC613/lab05/watch.sv
    Info (12023): Found entity 1: watch File: /home/c-ec2023/ra252974/Documents/MC613/lab05/watch.sv Line: 1
Info (12021): Found 1 design units, including 1 entities, in source file /home/c-ec2023/ra252974/Documents/MC613/lab05/dec_7seg.sv
    Info (12023): Found entity 1: dec_7seg File: /home/c-ec2023/ra252974/Documents/MC613/lab05/dec_7seg.sv Line: 1
Info (12021): Found 1 design units, including 1 entities, in source file /home/c-ec2023/ra252974/Documents/MC613/lab05/clock.sv
    Info (12023): Found entity 1: clock File: /home/c-ec2023/ra252974/Documents/MC613/lab05/clock.sv Line: 3
Info (12021): Found 1 design units, including 1 entities, in source file /home/c-ec2023/ra252974/Documents/MC613/lab05/stopwatch.sv
    Info (12023): Found entity 1: stopwatch File: /home/c-ec2023/ra252974/Documents/MC613/lab05/stopwatch.sv Line: 1
Warning (10236): Verilog HDL Implicit Net warning at clock.sv(28): created implicit net for "set_numero" File: /home/c-ec2023/ra252974/Documents/MC613/lab05/clock.sv Line: 28
Info (12127): Elaborating entity "clock" for the top level hierarchy
Warning (10036): Verilog HDL or VHDL warning at clock.sv(28): object "set_numero" assigned a value but never read File: /home/c-ec2023/ra252974/Documents/MC613/lab05/clock.sv Line: 28
Warning (10230): Verilog HDL assignment warning at clock.sv(28): truncated value with size 6 to match size of target (1) File: /home/c-ec2023/ra252974/Documents/MC613/lab05/clock.sv Line: 28
Warning (10230): Verilog HDL assignment warning at clock.sv(63): truncated value with size 32 to match size of target (5) File: /home/c-ec2023/ra252974/Documents/MC613/lab05/clock.sv Line: 63
Warning (10230): Verilog HDL assignment warning at clock.sv(64): truncated value with size 32 to match size of target (5) File: /home/c-ec2023/ra252974/Documents/MC613/lab05/clock.sv Line: 64
Warning (10230): Verilog HDL assignment warning at clock.sv(65): truncated value with size 32 to match size of target (5) File: /home/c-ec2023/ra252974/Documents/MC613/lab05/clock.sv Line: 65
Warning (10230): Verilog HDL assignment warning at clock.sv(66): truncated value with size 32 to match size of target (5) File: /home/c-ec2023/ra252974/Documents/MC613/lab05/clock.sv Line: 66
Warning (10230): Verilog HDL assignment warning at clock.sv(67): truncated value with size 32 to match size of target (5) File: /home/c-ec2023/ra252974/Documents/MC613/lab05/clock.sv Line: 67
Warning (10230): Verilog HDL assignment warning at clock.sv(68): truncated value with size 32 to match size of target (5) File: /home/c-ec2023/ra252974/Documents/MC613/lab05/clock.sv Line: 68
Warning (10230): Verilog HDL assignment warning at clock.sv(71): truncated value with size 32 to match size of target (5) File: /home/c-ec2023/ra252974/Documents/MC613/lab05/clock.sv Line: 71
Warning (10230): Verilog HDL assignment warning at clock.sv(72): truncated value with size 32 to match size of target (5) File: /home/c-ec2023/ra252974/Documents/MC613/lab05/clock.sv Line: 72
Warning (10230): Verilog HDL assignment warning at clock.sv(73): truncated value with size 32 to match size of target (5) File: /home/c-ec2023/ra252974/Documents/MC613/lab05/clock.sv Line: 73
Warning (10230): Verilog HDL assignment warning at clock.sv(74): truncated value with size 32 to match size of target (5) File: /home/c-ec2023/ra252974/Documents/MC613/lab05/clock.sv Line: 74
Warning (10230): Verilog HDL assignment warning at clock.sv(75): truncated value with size 32 to match size of target (5) File: /home/c-ec2023/ra252974/Documents/MC613/lab05/clock.sv Line: 75
Warning (10230): Verilog HDL assignment warning at clock.sv(76): truncated value with size 32 to match size of target (5) File: /home/c-ec2023/ra252974/Documents/MC613/lab05/clock.sv Line: 76
Info (12128): Elaborating entity "stopwatch" for hierarchy "stopwatch:stopwatch_inst" File: /home/c-ec2023/ra252974/Documents/MC613/lab05/clock.sv Line: 46
Warning (10230): Verilog HDL assignment warning at stopwatch.sv(33): truncated value with size 32 to match size of target (19) File: /home/c-ec2023/ra252974/Documents/MC613/lab05/stopwatch.sv Line: 33
Warning (10230): Verilog HDL assignment warning at stopwatch.sv(62): truncated value with size 32 to match size of target (7) File: /home/c-ec2023/ra252974/Documents/MC613/lab05/stopwatch.sv Line: 62
Warning (10230): Verilog HDL assignment warning at stopwatch.sv(64): truncated value with size 32 to match size of target (6) File: /home/c-ec2023/ra252974/Documents/MC613/lab05/stopwatch.sv Line: 64
Warning (10230): Verilog HDL assignment warning at stopwatch.sv(67): truncated value with size 32 to match size of target (7) File: /home/c-ec2023/ra252974/Documents/MC613/lab05/stopwatch.sv Line: 67
Info (12128): Elaborating entity "watch" for hierarchy "watch:watch_inst" File: /home/c-ec2023/ra252974/Documents/MC613/lab05/clock.sv Line: 57
Warning (10230): Verilog HDL assignment warning at watch.sv(30): truncated value with size 32 to match size of target (26) File: /home/c-ec2023/ra252974/Documents/MC613/lab05/watch.sv Line: 30
Warning (10230): Verilog HDL assignment warning at watch.sv(39): truncated value with size 32 to match size of target (2) File: /home/c-ec2023/ra252974/Documents/MC613/lab05/watch.sv Line: 39
Warning (10230): Verilog HDL assignment warning at watch.sv(48): truncated value with size 6 to match size of target (5) File: /home/c-ec2023/ra252974/Documents/MC613/lab05/watch.sv Line: 48
Warning (10230): Verilog HDL assignment warning at watch.sv(66): truncated value with size 32 to match size of target (5) File: /home/c-ec2023/ra252974/Documents/MC613/lab05/watch.sv Line: 66
Warning (10230): Verilog HDL assignment warning at watch.sv(68): truncated value with size 32 to match size of target (6) File: /home/c-ec2023/ra252974/Documents/MC613/lab05/watch.sv Line: 68
Warning (10230): Verilog HDL assignment warning at watch.sv(71): truncated value with size 32 to match size of target (6) File: /home/c-ec2023/ra252974/Documents/MC613/lab05/watch.sv Line: 71
Info (12128): Elaborating entity "dec_7seg" for hierarchy "dec_7seg:dis_0" File: /home/c-ec2023/ra252974/Documents/MC613/lab05/clock.sv Line: 85
Info (278001): Inferred 12 megafunctions from design logic
    Info (278004): Inferred divider/modulo megafunction ("lpm_divide") from the following logic: "Mod0" File: /home/c-ec2023/ra252974/Documents/MC613/lab05/clock.sv Line: 64
    Info (278004): Inferred divider/modulo megafunction ("lpm_divide") from the following logic: "Mod3" File: /home/c-ec2023/ra252974/Documents/MC613/lab05/clock.sv Line: 72
    Info (278004): Inferred divider/modulo megafunction ("lpm_divide") from the following logic: "Div0" File: /home/c-ec2023/ra252974/Documents/MC613/lab05/clock.sv Line: 63
    Info (278004): Inferred divider/modulo megafunction ("lpm_divide") from the following logic: "Div3" File: /home/c-ec2023/ra252974/Documents/MC613/lab05/clock.sv Line: 71
    Info (278004): Inferred divider/modulo megafunction ("lpm_divide") from the following logic: "Mod1" File: /home/c-ec2023/ra252974/Documents/MC613/lab05/clock.sv Line: 66
    Info (278004): Inferred divider/modulo megafunction ("lpm_divide") from the following logic: "Mod4" File: /home/c-ec2023/ra252974/Documents/MC613/lab05/clock.sv Line: 74
    Info (278004): Inferred divider/modulo megafunction ("lpm_divide") from the following logic: "Div1" File: /home/c-ec2023/ra252974/Documents/MC613/lab05/clock.sv Line: 65
    Info (278004): Inferred divider/modulo megafunction ("lpm_divide") from the following logic: "Div4" File: /home/c-ec2023/ra252974/Documents/MC613/lab05/clock.sv Line: 73
    Info (278004): Inferred divider/modulo megafunction ("lpm_divide") from the following logic: "Mod2" File: /home/c-ec2023/ra252974/Documents/MC613/lab05/clock.sv Line: 68
    Info (278004): Inferred divider/modulo megafunction ("lpm_divide") from the following logic: "Mod5" File: /home/c-ec2023/ra252974/Documents/MC613/lab05/clock.sv Line: 76
    Info (278004): Inferred divider/modulo megafunction ("lpm_divide") from the following logic: "Div2" File: /home/c-ec2023/ra252974/Documents/MC613/lab05/clock.sv Line: 67
    Info (278004): Inferred divider/modulo megafunction ("lpm_divide") from the following logic: "Div5" File: /home/c-ec2023/ra252974/Documents/MC613/lab05/clock.sv Line: 75
Info (12130): Elaborated megafunction instantiation "lpm_divide:Mod0" File: /home/c-ec2023/ra252974/Documents/MC613/lab05/clock.sv Line: 64
Info (12133): Instantiated megafunction "lpm_divide:Mod0" with the following parameter: File: /home/c-ec2023/ra252974/Documents/MC613/lab05/clock.sv Line: 64
    Info (12134): Parameter "LPM_WIDTHN" = "7"
    Info (12134): Parameter "LPM_WIDTHD" = "4"
    Info (12134): Parameter "LPM_NREPRESENTATION" = "UNSIGNED"
    Info (12134): Parameter "LPM_DREPRESENTATION" = "UNSIGNED"
Info (12021): Found 1 design units, including 1 entities, in source file db/lpm_divide_72m.tdf
    Info (12023): Found entity 1: lpm_divide_72m File: /home/c-ec2023/ra252974/Documents/MC613/lab05/quartus/db/lpm_divide_72m.tdf Line: 24
Info (12021): Found 1 design units, including 1 entities, in source file db/sign_div_unsign_akh.tdf
    Info (12023): Found entity 1: sign_div_unsign_akh File: /home/c-ec2023/ra252974/Documents/MC613/lab05/quartus/db/sign_div_unsign_akh.tdf Line: 24
Info (12021): Found 1 design units, including 1 entities, in source file db/alt_u_div_qse.tdf
    Info (12023): Found entity 1: alt_u_div_qse File: /home/c-ec2023/ra252974/Documents/MC613/lab05/quartus/db/alt_u_div_qse.tdf Line: 22
Info (12130): Elaborated megafunction instantiation "lpm_divide:Mod3" File: /home/c-ec2023/ra252974/Documents/MC613/lab05/clock.sv Line: 72
Info (12133): Instantiated megafunction "lpm_divide:Mod3" with the following parameter: File: /home/c-ec2023/ra252974/Documents/MC613/lab05/clock.sv Line: 72
    Info (12134): Parameter "LPM_WIDTHN" = "6"
    Info (12134): Parameter "LPM_WIDTHD" = "4"
    Info (12134): Parameter "LPM_NREPRESENTATION" = "UNSIGNED"
    Info (12134): Parameter "LPM_DREPRESENTATION" = "UNSIGNED"
Info (12021): Found 1 design units, including 1 entities, in source file db/lpm_divide_62m.tdf
    Info (12023): Found entity 1: lpm_divide_62m File: /home/c-ec2023/ra252974/Documents/MC613/lab05/quartus/db/lpm_divide_62m.tdf Line: 24
Info (12021): Found 1 design units, including 1 entities, in source file db/sign_div_unsign_9kh.tdf
    Info (12023): Found entity 1: sign_div_unsign_9kh File: /home/c-ec2023/ra252974/Documents/MC613/lab05/quartus/db/sign_div_unsign_9kh.tdf Line: 24
Info (12021): Found 1 design units, including 1 entities, in source file db/alt_u_div_ose.tdf
    Info (12023): Found entity 1: alt_u_div_ose File: /home/c-ec2023/ra252974/Documents/MC613/lab05/quartus/db/alt_u_div_ose.tdf Line: 22
Info (12130): Elaborated megafunction instantiation "lpm_divide:Div0" File: /home/c-ec2023/ra252974/Documents/MC613/lab05/clock.sv Line: 63
Info (12133): Instantiated megafunction "lpm_divide:Div0" with the following parameter: File: /home/c-ec2023/ra252974/Documents/MC613/lab05/clock.sv Line: 63
    Info (12134): Parameter "LPM_WIDTHN" = "7"
    Info (12134): Parameter "LPM_WIDTHD" = "4"
    Info (12134): Parameter "LPM_NREPRESENTATION" = "UNSIGNED"
    Info (12134): Parameter "LPM_DREPRESENTATION" = "UNSIGNED"
Info (12021): Found 1 design units, including 1 entities, in source file db/lpm_divide_4am.tdf
    Info (12023): Found entity 1: lpm_divide_4am File: /home/c-ec2023/ra252974/Documents/MC613/lab05/quartus/db/lpm_divide_4am.tdf Line: 24
Info (12130): Elaborated megafunction instantiation "lpm_divide:Div3" File: /home/c-ec2023/ra252974/Documents/MC613/lab05/clock.sv Line: 71
Info (12133): Instantiated megafunction "lpm_divide:Div3" with the following parameter: File: /home/c-ec2023/ra252974/Documents/MC613/lab05/clock.sv Line: 71
    Info (12134): Parameter "LPM_WIDTHN" = "6"
    Info (12134): Parameter "LPM_WIDTHD" = "4"
    Info (12134): Parameter "LPM_NREPRESENTATION" = "UNSIGNED"
    Info (12134): Parameter "LPM_DREPRESENTATION" = "UNSIGNED"
Info (12021): Found 1 design units, including 1 entities, in source file db/lpm_divide_3am.tdf
    Info (12023): Found entity 1: lpm_divide_3am File: /home/c-ec2023/ra252974/Documents/MC613/lab05/quartus/db/lpm_divide_3am.tdf Line: 24
Info (12130): Elaborated megafunction instantiation "lpm_divide:Mod5" File: /home/c-ec2023/ra252974/Documents/MC613/lab05/clock.sv Line: 76
Info (12133): Instantiated megafunction "lpm_divide:Mod5" with the following parameter: File: /home/c-ec2023/ra252974/Documents/MC613/lab05/clock.sv Line: 76
    Info (12134): Parameter "LPM_WIDTHN" = "5"
    Info (12134): Parameter "LPM_WIDTHD" = "4"
    Info (12134): Parameter "LPM_NREPRESENTATION" = "UNSIGNED"
    Info (12134): Parameter "LPM_DREPRESENTATION" = "UNSIGNED"
Info (12021): Found 1 design units, including 1 entities, in source file db/lpm_divide_52m.tdf
    Info (12023): Found entity 1: lpm_divide_52m File: /home/c-ec2023/ra252974/Documents/MC613/lab05/quartus/db/lpm_divide_52m.tdf Line: 24
Info (12021): Found 1 design units, including 1 entities, in source file db/sign_div_unsign_8kh.tdf
    Info (12023): Found entity 1: sign_div_unsign_8kh File: /home/c-ec2023/ra252974/Documents/MC613/lab05/quartus/db/sign_div_unsign_8kh.tdf Line: 24
Info (12021): Found 1 design units, including 1 entities, in source file db/alt_u_div_mse.tdf
    Info (12023): Found entity 1: alt_u_div_mse File: /home/c-ec2023/ra252974/Documents/MC613/lab05/quartus/db/alt_u_div_mse.tdf Line: 22
Info (12130): Elaborated megafunction instantiation "lpm_divide:Div5" File: /home/c-ec2023/ra252974/Documents/MC613/lab05/clock.sv Line: 75
Info (12133): Instantiated megafunction "lpm_divide:Div5" with the following parameter: File: /home/c-ec2023/ra252974/Documents/MC613/lab05/clock.sv Line: 75
    Info (12134): Parameter "LPM_WIDTHN" = "5"
    Info (12134): Parameter "LPM_WIDTHD" = "4"
    Info (12134): Parameter "LPM_NREPRESENTATION" = "UNSIGNED"
    Info (12134): Parameter "LPM_DREPRESENTATION" = "UNSIGNED"
Info (12021): Found 1 design units, including 1 entities, in source file db/lpm_divide_2am.tdf
    Info (12023): Found entity 1: lpm_divide_2am File: /home/c-ec2023/ra252974/Documents/MC613/lab05/quartus/db/lpm_divide_2am.tdf Line: 24
Warning (12241): 6 hierarchies have connectivity warnings - see the Connectivity Checks report folder
Info (286030): Timing-Driven Synthesis is running
Info (16010): Generating hard_block partition "hard_block:auto_generated_inst"
    Info (16011): Adding 0 node(s), including 0 DDIO, 0 PLL, 0 transceiver and 0 LCELL
Warning (21074): Design contains 1 input pin(s) that do not drive logic
    Warning (15610): No output dependent on input pin "KEY[0]" File: /home/c-ec2023/ra252974/Documents/MC613/lab05/clock.sv Line: 5
Info (21057): Implemented 599 device resources after synthesis - the final resource count might be different
    Info (21058): Implemented 11 input pins
    Info (21059): Implemented 42 output pins
    Info (21061): Implemented 546 logic cells
Info: Quartus Prime Analysis & Synthesis was successful. 0 errors, 29 warnings
    Info: Peak virtual memory: 1277 megabytes
    Info: Processing ended: Mon May 12 18:37:22 2025
    Info: Elapsed time: 00:00:10
    Info: Total CPU time (on all processors): 00:00:21


